<?xml version="1.0" encoding="UTF-8"?>
<!-- Generated by org.testng.reporters.JUnitReportReporter -->
<testsuite hostname="DESKTOP-HOQ083T" failures="0" tests="1" name="com.eightbigsticks.restfulbooker.HealthCheckTest" time="1.205" errors="0" timestamp="2023-07-23T21:24:57 AEST" skipped="0">
  <testcase classname="com.eightbigsticks.restfulbooker.HealthCheckTest" name="healthCheckTest" time="1.205"/>
  <system-out/>
</testsuite> <!-- com.eightbigsticks.restfulbooker.HealthCheckTest -->
