<?xml version="1.0" encoding="UTF-8"?>
<!-- Generated by org.testng.reporters.JUnitReportReporter -->
<testsuite hostname="DESKTOP-HOQ083T" failures="0" tests="1" name="com.eightbigsticks.restfulbooker.HealthCheckTestWithRequesrSpecification" time="2.831" errors="0" timestamp="2023-07-30T10:54:51 AEST" skipped="0">
  <testcase classname="com.eightbigsticks.restfulbooker.HealthCheckTestWithRequesrSpecification" name="healthCheckTest" time="2.831"/>
  <system-out/>
</testsuite> <!-- com.eightbigsticks.restfulbooker.HealthCheckTestWithRequesrSpecification -->
