<?xml version="1.0" encoding="UTF-8"?>
<!-- Generated by org.testng.reporters.JUnitReportReporter -->
<testsuite hostname="DESKTOP-HOQ083T" failures="0" tests="1" name="com.eightbigsticks.restfulbooker.GetBasicBookingTestWithXML" time="4.200" errors="0" timestamp="2023-07-30T22:51:37 AEST" skipped="0">
  <testcase classname="com.eightbigsticks.restfulbooker.GetBasicBookingTestWithXML" name="getBookingTest" time="4.200"/>
  <system-out/>
</testsuite> <!-- com.eightbigsticks.restfulbooker.GetBasicBookingTestWithXML -->
