<?xml version="1.0" encoding="UTF-8"?>
<!-- Generated by org.testng.reporters.JUnitReportReporter -->
<testsuite hostname="DESKTOP-HOQ083T" failures="0" tests="1" name="com.eightbigsticks.restfulbooker.CreateBookingTests" time="4.998" errors="0" timestamp="2023-09-14T14:10:36 AEST" skipped="0">
  <testcase classname="com.eightbigsticks.restfulbooker.CreateBookingTests" name="CreateBookingTestWithPOJO" time="4.998"/>
  <system-out/>
</testsuite> <!-- com.eightbigsticks.restfulbooker.CreateBookingTests -->
