<?xml version="1.0" encoding="UTF-8"?>
<!-- Generated by org.testng.reporters.JUnitReportReporter -->
<testsuite hostname="DESKTOP-HOQ083T" failures="0" tests="1" name="com.eightbigsticks.restfulbooker.UpdateBookingTests" time="4.037" errors="0" timestamp="2023-07-30T11:11:35 AEST" skipped="0">
  <testcase classname="com.eightbigsticks.restfulbooker.UpdateBookingTests" name="UpdateBookingTest" time="4.037"/>
  <system-out/>
</testsuite> <!-- com.eightbigsticks.restfulbooker.UpdateBookingTests -->
