<?xml version="1.0" encoding="UTF-8"?>
<!-- Generated by org.testng.reporters.JUnitReportReporter -->
<testsuite hostname="DESKTOP-HOQ083T" failures="0" tests="1" name="com.eightbigsticks.restfulbooker.HealthCheckRequestHeadersAndCookies" time="2.484" errors="0" timestamp="2023-07-30T23:41:32 AEST" skipped="0">
  <testcase classname="com.eightbigsticks.restfulbooker.HealthCheckRequestHeadersAndCookies" name="healthCheckTest" time="2.484"/>
  <system-out/>
</testsuite> <!-- com.eightbigsticks.restfulbooker.HealthCheckRequestHeadersAndCookies -->
