<?xml version="1.0" encoding="UTF-8"?>
<!-- Generated by org.testng.reporters.JUnitReportReporter -->
<testsuite hostname="DESKTOP-HOQ083T" failures="0" tests="1" name="com.eightbigsticks.restfulbooker.PartialUpdateBookingTests" time="4.059" errors="0" timestamp="2023-07-30T11:09:39 AEST" skipped="0">
  <testcase classname="com.eightbigsticks.restfulbooker.PartialUpdateBookingTests" name="partialUpdateBookingTest" time="4.059"/>
  <system-out/>
</testsuite> <!-- com.eightbigsticks.restfulbooker.PartialUpdateBookingTests -->
