<?xml version="1.0" encoding="UTF-8"?>
<!-- Generated by org.testng.reporters.JUnitReportReporter -->
<testsuite hostname="DESKTOP-HOQ083T" failures="0" tests="1" name="com.eightbigsticks.restfulbooker.HealthCheckRequestSpecificationTest" time="2.713" errors="0" timestamp="2023-07-30T10:56:17 AEST" skipped="0">
  <testcase classname="com.eightbigsticks.restfulbooker.HealthCheckRequestSpecificationTest" name="healthCheckTest" time="2.713"/>
  <system-out/>
</testsuite> <!-- com.eightbigsticks.restfulbooker.HealthCheckRequestSpecificationTest -->
