<?xml version="1.0" encoding="UTF-8"?>
<!-- Generated by org.testng.reporters.JUnitReportReporter -->
<testsuite hostname="DESKTOP-HOQ083T" failures="0" tests="2" name="com.eightbigsticks.restfulbooker.GetBasicBookingTest" time="7.783" errors="0" timestamp="2023-07-30T22:05:06 AEST" skipped="0">
  <testcase classname="com.eightbigsticks.restfulbooker.GetBasicBookingTest" name="getBookingTestWithQueryParameter" time="3.492"/>
  <system-out/>
  <testcase classname="com.eightbigsticks.restfulbooker.GetBasicBookingTest" name="getBookingTest" time="4.291"/>
  <system-out/>
</testsuite> <!-- com.eightbigsticks.restfulbooker.GetBasicBookingTest -->
