<?xml version="1.0" encoding="UTF-8"?>
<!-- Generated by org.testng.reporters.JUnitReportReporter -->
<testsuite hostname="DESKTOP-HOQ083T" failures="0" tests="1" name="com.eightbigsticks.restfulbooker.GetBookingIdsTests" time="1.478" errors="0" timestamp="2023-07-23T19:19:07 AEST" skipped="0">
  <testcase classname="com.eightbigsticks.restfulbooker.GetBookingIdsTests" name="getBookingIdsWithoutFilterTest" time="1.478"/>
  <system-out/>
</testsuite> <!-- com.eightbigsticks.restfulbooker.GetBookingIdsTests -->
